<?xml version="1.0" encoding="UTF-8"?>
<testng-results skipped="0" failed="0" ignored="0" total="1" passed="1">
  <reporter-output>
  </reporter-output>
  <suite name="Suite" duration-ms="25201" started-at="2019-01-24T10:31:02Z" finished-at="2019-01-24T10:31:28Z">
    <groups>
    </groups>
    <test name="Test" duration-ms="25201" started-at="2019-01-24T10:31:02Z" finished-at="2019-01-24T10:31:28Z">
      <class name="com.sampleGroup.TC_login">
        <test-method status="PASS" signature="test()[pri:0, instance:com.sampleGroup.TC_login@67b64c45]" name="test" duration-ms="25174" started-at="2019-01-24T16:01:02Z" finished-at="2019-01-24T16:01:28Z">
          <reporter-output>
          </reporter-output>
        </test-method> <!-- test -->
      </class> <!-- com.sampleGroup.TC_login -->
    </test> <!-- Test -->
  </suite> <!-- Suite -->
</testng-results>
