<?xml version="1.0" encoding="UTF-8"?>
<testng-results skipped="0" failed="0" ignored="0" total="1" passed="1">
  <reporter-output>
  </reporter-output>
  <suite name="Suite" duration-ms="6892" started-at="2019-01-11T03:24:20Z" finished-at="2019-01-11T03:24:26Z">
    <groups>
    </groups>
    <test name="Test" duration-ms="6892" started-at="2019-01-11T03:24:20Z" finished-at="2019-01-11T03:24:26Z">
      <class name="com.sampleGroup.TC_login">
        <test-method status="PASS" signature="test()[pri:0, instance:com.sampleGroup.TC_login@643b1d11]" name="test" duration-ms="6871" started-at="2019-01-11T08:54:20Z" finished-at="2019-01-11T08:54:26Z">
          <reporter-output>
          </reporter-output>
        </test-method> <!-- test -->
      </class> <!-- com.sampleGroup.TC_login -->
    </test> <!-- Test -->
  </suite> <!-- Suite -->
</testng-results>
